<?xml version="1.0" encoding="UTF-8"?>
<!-- Generated by org.testng.reporters.JUnitXMLReporter -->
<testsuite ignored="0" hostname="NODE1899" failures="1" tests="3" name="Error Validations Test" time="23.466" errors="0" timestamp="2024-02-07T12:32:06 IST">
  <testcase classname="RahulshettyAcademy.Test.ErrorValidationTest" name="LoginErrorValidation" time="0.618">
    <skipped/>
  </testcase> <!-- LoginErrorValidation -->
  <testcase classname="RahulshettyAcademy.Test.ErrorValidationTest" name="LoginErrorValidation" time="0.424">
    <failure type="java.lang.AssertionError" message="expected [Incorrect email or password.] but found [Incorrect email password.]">
      <![CDATA[java.lang.AssertionError: expected [Incorrect email or password.] but found [Incorrect email password.]
at RahulshettyAcademy.Test.ErrorValidationTest.LoginErrorValidation(ErrorValidationTest.java:38)
at java.base/java.util.ArrayList.forEach(ArrayList.java:1596)
at java.base/java.util.concurrent.FutureTask.run(FutureTask.java:317)
at java.base/java.util.concurrent.ThreadPoolExecutor.runWorker(ThreadPoolExecutor.java:1144)
at java.base/java.util.concurrent.ThreadPoolExecutor$Worker.run(ThreadPoolExecutor.java:642)
at java.base/java.lang.Thread.run(Thread.java:1583)
... Removed 21 stack frames]]>
    </failure>
  </testcase> <!-- LoginErrorValidation -->
  <testcase classname="RahulshettyAcademy.Test.ErrorValidationTest" name="ProductErrorValidation" time="3.438"/>
</testsuite> <!-- Error Validations Test -->
